[06-Dec-2019 22:15:29] NOTICE: fpm is running, pid 373
[06-Dec-2019 22:15:29] NOTICE: ready to handle connections
[06-Dec-2019 22:16:00] NOTICE: Terminating ...
[06-Dec-2019 22:16:00] NOTICE: exiting, bye-bye!
[06-Dec-2019 22:16:05] NOTICE: fpm is running, pid 343
[06-Dec-2019 22:16:05] NOTICE: ready to handle connections
[06-Dec-2019 22:18:59] NOTICE: Terminating ...
[06-Dec-2019 22:18:59] NOTICE: exiting, bye-bye!
[06-Dec-2019 22:19:04] NOTICE: fpm is running, pid 344
[06-Dec-2019 22:19:04] NOTICE: ready to handle connections
[06-Dec-2019 22:20:39] NOTICE: Terminating ...
[06-Dec-2019 22:20:39] NOTICE: exiting, bye-bye!
[06-Dec-2019 22:20:44] NOTICE: fpm is running, pid 345
[06-Dec-2019 22:20:44] NOTICE: ready to handle connections
[17-Mar-2020 20:29:40] NOTICE: fpm is running, pid 344
[17-Mar-2020 20:29:40] NOTICE: ready to handle connections
[17-Mar-2020 20:30:16] NOTICE: Terminating ...
[17-Mar-2020 20:30:16] NOTICE: exiting, bye-bye!
[24-May-2020 14:30:35] NOTICE: fpm is running, pid 450
[24-May-2020 14:30:35] NOTICE: ready to handle connections
[24-May-2020 14:45:33] NOTICE: Terminating ...
[24-May-2020 14:45:33] NOTICE: exiting, bye-bye!
[24-May-2020 14:45:38] NOTICE: fpm is running, pid 379
[24-May-2020 14:45:38] NOTICE: ready to handle connections
[24-May-2020 15:08:42] NOTICE: Terminating ...
[24-May-2020 15:08:42] NOTICE: exiting, bye-bye!
[24-May-2020 15:08:47] NOTICE: fpm is running, pid 377
[24-May-2020 15:08:47] NOTICE: ready to handle connections
[24-May-2020 15:11:30] NOTICE: Terminating ...
[24-May-2020 15:11:30] NOTICE: exiting, bye-bye!
[24-May-2020 15:11:35] NOTICE: fpm is running, pid 379
[24-May-2020 15:11:35] NOTICE: ready to handle connections
[24-May-2020 15:12:44] NOTICE: Terminating ...
[24-May-2020 15:12:44] NOTICE: exiting, bye-bye!
[24-May-2020 15:12:49] NOTICE: fpm is running, pid 382
[24-May-2020 15:12:49] NOTICE: ready to handle connections
[24-May-2020 15:13:30] NOTICE: Terminating ...
[24-May-2020 15:13:30] NOTICE: exiting, bye-bye!
[24-May-2020 15:13:35] NOTICE: fpm is running, pid 379
[24-May-2020 15:13:35] NOTICE: ready to handle connections
[24-May-2020 15:13:54] NOTICE: Terminating ...
[24-May-2020 15:13:54] NOTICE: exiting, bye-bye!
[24-May-2020 15:13:59] NOTICE: fpm is running, pid 381
[24-May-2020 15:13:59] NOTICE: ready to handle connections
[24-May-2020 15:15:33] NOTICE: Terminating ...
[24-May-2020 15:15:33] NOTICE: exiting, bye-bye!
[24-May-2020 15:17:42] NOTICE: fpm is running, pid 378
[24-May-2020 15:17:42] NOTICE: ready to handle connections
[24-May-2020 15:18:20] NOTICE: Terminating ...
[24-May-2020 15:18:20] NOTICE: exiting, bye-bye!
[24-May-2020 15:20:21] NOTICE: fpm is running, pid 405
[24-May-2020 15:20:21] NOTICE: ready to handle connections
[24-May-2020 15:21:30] NOTICE: Terminating ...
[24-May-2020 15:21:30] NOTICE: exiting, bye-bye!
[24-May-2020 15:21:35] NOTICE: fpm is running, pid 380
[24-May-2020 15:21:35] NOTICE: ready to handle connections
