2019-11-11 10:19:46,623 fail2ban.server         [371]: INFO    --------------------------------------------------
2019-11-11 10:19:46,624 fail2ban.server         [371]: INFO    Starting Fail2ban v0.10.4
2019-11-11 10:19:46,664 fail2ban.database       [371]: INFO    Connected to fail2ban persistent database '/config/fail2ban/fail2ban.sqlite3'
2019-11-11 10:19:46,681 fail2ban.database       [371]: WARNING New database created. Version '2'
2019-11-11 10:19:46,683 fail2ban.jail           [371]: INFO    Creating new jail 'nginx-http-auth'
2019-11-11 10:19:46,691 fail2ban.jail           [371]: INFO    Jail 'nginx-http-auth' uses poller {}
2019-11-11 10:19:46,691 fail2ban.jail           [371]: INFO    Initiated 'polling' backend
2019-11-11 10:19:46,702 fail2ban.filter         [371]: INFO      maxRetry: 5
2019-11-11 10:19:46,704 fail2ban.filter         [371]: INFO      findtime: 600
2019-11-11 10:19:46,705 fail2ban.actions        [371]: INFO      banTime: 600
2019-11-11 10:19:46,706 fail2ban.filter         [371]: INFO      encoding: UTF-8
2019-11-11 10:19:46,715 fail2ban.filter         [371]: INFO    Added logfile: '/config/log/nginx/error.log' (pos = 0, hash = da39a3ee5e6b4b0d3255bfef95601890afd80709)
2019-11-11 10:19:46,717 fail2ban.jail           [371]: INFO    Creating new jail 'nginx-botsearch'
2019-11-11 10:19:46,718 fail2ban.jail           [371]: INFO    Jail 'nginx-botsearch' uses poller {}
2019-11-11 10:19:46,719 fail2ban.jail           [371]: INFO    Initiated 'polling' backend
2019-11-11 10:19:46,727 fail2ban.datedetector   [371]: INFO      date pattern `'{^LN-BEG}%ExY(?P<_sep>[-/.])%m(?P=_sep)%d[T ]%H:%M:%S(?:[.,]%f)?(?:\\s*%z)?'`: `{^LN-BEG}ExYear(?P<_sep>[-/.])Month(?P=_sep)Day[T ]24hour:Minute:Second(?:[.,]Microseconds)?(?:\s*Zone offset)?`
2019-11-11 10:19:46,730 fail2ban.filter         [371]: INFO      maxRetry: 2
2019-11-11 10:19:46,732 fail2ban.filter         [371]: INFO      findtime: 600
2019-11-11 10:19:46,733 fail2ban.actions        [371]: INFO      banTime: 600
2019-11-11 10:19:46,735 fail2ban.filter         [371]: INFO      encoding: UTF-8
2019-11-11 10:19:46,744 fail2ban.filter         [371]: INFO    Added logfile: '/config/log/nginx/access.log' (pos = 0, hash = da39a3ee5e6b4b0d3255bfef95601890afd80709)
2019-11-11 10:19:46,746 fail2ban.jail           [371]: INFO    Creating new jail 'nginx-badbots'
2019-11-11 10:19:46,748 fail2ban.jail           [371]: INFO    Jail 'nginx-badbots' uses poller {}
2019-11-11 10:19:46,748 fail2ban.jail           [371]: INFO    Initiated 'polling' backend
2019-11-11 10:19:46,763 fail2ban.filter         [371]: INFO      maxRetry: 2
2019-11-11 10:19:46,765 fail2ban.filter         [371]: INFO      findtime: 600
2019-11-11 10:19:46,766 fail2ban.actions        [371]: INFO      banTime: 600
2019-11-11 10:19:46,767 fail2ban.filter         [371]: INFO      encoding: UTF-8
2019-11-11 10:19:46,780 fail2ban.filter         [371]: INFO    Added logfile: '/config/log/nginx/access.log' (pos = 0, hash = da39a3ee5e6b4b0d3255bfef95601890afd80709)
2019-11-11 10:19:46,783 fail2ban.jail           [371]: INFO    Jail 'nginx-http-auth' started
2019-11-11 10:19:46,790 fail2ban.jail           [371]: INFO    Jail 'nginx-botsearch' started
2019-11-11 10:19:46,794 fail2ban.jail           [371]: INFO    Jail 'nginx-badbots' started
2019-11-11 10:40:38,476 fail2ban.server         [371]: INFO    Shutdown in progress...
2019-11-11 10:40:38,486 fail2ban.server         [371]: INFO    Stopping all jails
2019-11-11 10:40:38,496 fail2ban.filter         [371]: INFO    Removed logfile: '/config/log/nginx/error.log'
2019-11-11 10:40:38,499 fail2ban.filter         [371]: INFO    Removed logfile: '/config/log/nginx/access.log'
2019-11-11 10:40:38,502 fail2ban.filter         [371]: INFO    Removed logfile: '/config/log/nginx/access.log'
2019-11-11 10:40:38,555 fail2ban.actions        [371]: NOTICE  [nginx-badbots] Flush ticket(s) with iptables-multiport
2019-11-11 10:40:38,581 fail2ban.actions        [371]: NOTICE  [nginx-http-auth] Flush ticket(s) with iptables-multiport
2019-11-11 10:40:38,645 fail2ban.jail           [371]: INFO    Jail 'nginx-http-auth' stopped
2019-11-11 10:40:48,584 fail2ban.server         [345]: INFO    --------------------------------------------------
2019-11-11 10:40:48,585 fail2ban.server         [345]: INFO    Starting Fail2ban v0.10.4
2019-11-11 10:40:48,586 fail2ban.asyncserver    [345]: ERROR   Fail2ban seems to be already running
2019-11-11 10:40:48,586 fail2ban.asyncserver    [345]: WARNING Forcing execution of the server
2019-11-11 10:40:48,614 fail2ban.database       [345]: INFO    Connected to fail2ban persistent database '/config/fail2ban/fail2ban.sqlite3'
2019-11-11 10:40:48,641 fail2ban.jail           [345]: INFO    Creating new jail 'nginx-http-auth'
2019-11-11 10:40:48,656 fail2ban.jail           [345]: INFO    Jail 'nginx-http-auth' uses poller {}
2019-11-11 10:40:48,658 fail2ban.jail           [345]: INFO    Initiated 'polling' backend
2019-11-11 10:40:48,736 fail2ban.filter         [345]: INFO      maxRetry: 5
2019-11-11 10:40:48,740 fail2ban.filter         [345]: INFO      findtime: 600
2019-11-11 10:40:48,742 fail2ban.actions        [345]: INFO      banTime: 600
2019-11-11 10:40:48,745 fail2ban.filter         [345]: INFO      encoding: UTF-8
2019-11-11 10:40:48,763 fail2ban.filter         [345]: INFO    Added logfile: '/config/log/nginx/error.log' (pos = 0, hash = da39a3ee5e6b4b0d3255bfef95601890afd80709)
2019-11-11 10:40:48,765 fail2ban.jail           [345]: INFO    Creating new jail 'nginx-botsearch'
2019-11-11 10:40:48,768 fail2ban.jail           [345]: INFO    Jail 'nginx-botsearch' uses poller {}
2019-11-11 10:40:48,770 fail2ban.jail           [345]: INFO    Initiated 'polling' backend
2019-11-11 10:40:48,780 fail2ban.datedetector   [345]: INFO      date pattern `'{^LN-BEG}%ExY(?P<_sep>[-/.])%m(?P=_sep)%d[T ]%H:%M:%S(?:[.,]%f)?(?:\\s*%z)?'`: `{^LN-BEG}ExYear(?P<_sep>[-/.])Month(?P=_sep)Day[T ]24hour:Minute:Second(?:[.,]Microseconds)?(?:\s*Zone offset)?`
2019-11-11 10:40:48,784 fail2ban.filter         [345]: INFO      maxRetry: 2
2019-11-11 10:40:48,788 fail2ban.filter         [345]: INFO      findtime: 600
2019-11-11 10:40:48,789 fail2ban.actions        [345]: INFO      banTime: 600
2019-11-11 10:40:48,790 fail2ban.filter         [345]: INFO      encoding: UTF-8
2019-11-11 10:40:48,827 fail2ban.filter         [345]: INFO    Added logfile: '/config/log/nginx/access.log' (pos = 1942, hash = 4921d983c73ce17cc84f85f9f94c8663668c2390)
2019-11-11 10:40:48,831 fail2ban.jail           [345]: INFO    Creating new jail 'nginx-badbots'
2019-11-11 10:40:48,839 fail2ban.jail           [345]: INFO    Jail 'nginx-badbots' uses poller {}
2019-11-11 10:40:48,841 fail2ban.jail           [345]: INFO    Initiated 'polling' backend
2019-11-11 10:40:48,897 fail2ban.filter         [345]: INFO      maxRetry: 2
2019-11-11 10:40:49,014 fail2ban.filter         [345]: INFO      findtime: 600
2019-11-11 10:40:49,016 fail2ban.actions        [345]: INFO      banTime: 600
2019-11-11 10:40:49,025 fail2ban.filter         [345]: INFO      encoding: UTF-8
2019-11-11 10:40:49,065 fail2ban.filter         [345]: INFO    Added logfile: '/config/log/nginx/access.log' (pos = 1942, hash = 4921d983c73ce17cc84f85f9f94c8663668c2390)
2019-11-11 10:40:49,081 fail2ban.jail           [345]: INFO    Jail 'nginx-http-auth' started
2019-11-11 10:40:49,100 fail2ban.jail           [345]: INFO    Jail 'nginx-botsearch' started
2019-11-11 10:40:49,123 fail2ban.jail           [345]: INFO    Jail 'nginx-badbots' started
2019-11-11 10:41:34,561 fail2ban.server         [345]: INFO    Shutdown in progress...
2019-11-11 10:41:34,578 fail2ban.server         [345]: INFO    Stopping all jails
2019-11-11 10:41:34,581 fail2ban.filter         [345]: INFO    Removed logfile: '/config/log/nginx/error.log'
2019-11-11 10:41:34,583 fail2ban.filter         [345]: INFO    Removed logfile: '/config/log/nginx/access.log'
2019-11-11 10:41:34,586 fail2ban.filter         [345]: INFO    Removed logfile: '/config/log/nginx/access.log'
2019-11-11 10:41:45,574 fail2ban.server         [344]: INFO    --------------------------------------------------
2019-11-11 10:41:45,575 fail2ban.server         [344]: INFO    Starting Fail2ban v0.10.4
2019-11-11 10:41:45,576 fail2ban.asyncserver    [344]: ERROR   Fail2ban seems to be already running
2019-11-11 10:41:45,577 fail2ban.asyncserver    [344]: WARNING Forcing execution of the server
2019-11-11 10:41:45,596 fail2ban.database       [344]: INFO    Connected to fail2ban persistent database '/config/fail2ban/fail2ban.sqlite3'
2019-11-11 10:41:45,603 fail2ban.jail           [344]: INFO    Creating new jail 'nginx-http-auth'
2019-11-11 10:41:45,607 fail2ban.jail           [344]: INFO    Jail 'nginx-http-auth' uses poller {}
2019-11-11 10:41:45,607 fail2ban.jail           [344]: INFO    Initiated 'polling' backend
2019-11-11 10:41:45,619 fail2ban.filter         [344]: INFO      maxRetry: 5
2019-11-11 10:41:45,622 fail2ban.filter         [344]: INFO      findtime: 600
2019-11-11 10:41:45,626 fail2ban.actions        [344]: INFO      banTime: 600
2019-11-11 10:41:45,631 fail2ban.filter         [344]: INFO      encoding: UTF-8
2019-11-11 10:41:45,710 fail2ban.filter         [344]: INFO    Added logfile: '/config/log/nginx/error.log' (pos = 0, hash = da39a3ee5e6b4b0d3255bfef95601890afd80709)
2019-11-11 10:41:45,717 fail2ban.jail           [344]: INFO    Creating new jail 'nginx-botsearch'
2019-11-11 10:41:45,722 fail2ban.jail           [344]: INFO    Jail 'nginx-botsearch' uses poller {}
2019-11-11 10:41:45,728 fail2ban.jail           [344]: INFO    Initiated 'polling' backend
2019-11-11 10:41:45,922 fail2ban.datedetector   [344]: INFO      date pattern `'{^LN-BEG}%ExY(?P<_sep>[-/.])%m(?P=_sep)%d[T ]%H:%M:%S(?:[.,]%f)?(?:\\s*%z)?'`: `{^LN-BEG}ExYear(?P<_sep>[-/.])Month(?P=_sep)Day[T ]24hour:Minute:Second(?:[.,]Microseconds)?(?:\s*Zone offset)?`
2019-11-11 10:41:45,926 fail2ban.filter         [344]: INFO      maxRetry: 2
2019-11-11 10:41:45,929 fail2ban.filter         [344]: INFO      findtime: 600
2019-11-11 10:41:45,932 fail2ban.actions        [344]: INFO      banTime: 600
2019-11-11 10:41:45,935 fail2ban.filter         [344]: INFO      encoding: UTF-8
2019-11-11 10:41:45,961 fail2ban.filter         [344]: INFO    Added logfile: '/config/log/nginx/access.log' (pos = 3206, hash = 4921d983c73ce17cc84f85f9f94c8663668c2390)
2019-11-11 10:41:45,966 fail2ban.jail           [344]: INFO    Creating new jail 'nginx-badbots'
2019-11-11 10:41:45,974 fail2ban.jail           [344]: INFO    Jail 'nginx-badbots' uses poller {}
2019-11-11 10:41:45,976 fail2ban.jail           [344]: INFO    Initiated 'polling' backend
2019-11-11 10:41:46,024 fail2ban.filter         [344]: INFO      maxRetry: 2
2019-11-11 10:41:46,025 fail2ban.filter         [344]: INFO      findtime: 600
2019-11-11 10:41:46,029 fail2ban.actions        [344]: INFO      banTime: 600
2019-11-11 10:41:46,032 fail2ban.filter         [344]: INFO      encoding: UTF-8
2019-11-11 10:41:46,059 fail2ban.filter         [344]: INFO    Added logfile: '/config/log/nginx/access.log' (pos = 3206, hash = 4921d983c73ce17cc84f85f9f94c8663668c2390)
2019-11-11 10:41:46,067 fail2ban.jail           [344]: INFO    Jail 'nginx-http-auth' started
2019-11-11 10:41:46,093 fail2ban.jail           [344]: INFO    Jail 'nginx-botsearch' started
2019-11-11 10:41:46,130 fail2ban.jail           [344]: INFO    Jail 'nginx-badbots' started
2019-11-11 10:42:43,012 fail2ban.server         [344]: INFO    Shutdown in progress...
2019-11-11 10:42:43,018 fail2ban.server         [344]: INFO    Stopping all jails
2019-11-11 10:42:43,034 fail2ban.filter         [344]: INFO    Removed logfile: '/config/log/nginx/error.log'
2019-11-11 10:42:43,037 fail2ban.filter         [344]: INFO    Removed logfile: '/config/log/nginx/access.log'
2019-11-11 10:42:43,041 fail2ban.filter         [344]: INFO    Removed logfile: '/config/log/nginx/access.log'
2019-11-11 10:42:43,309 fail2ban.actions        [344]: NOTICE  [nginx-botsearch] Flush ticket(s) with iptables-multiport
2019-11-11 10:42:43,309 fail2ban.actions        [344]: NOTICE  [nginx-http-auth] Flush ticket(s) with iptables-multiport
2019-11-11 10:42:43,315 fail2ban.jail           [344]: INFO    Jail 'nginx-http-auth' stopped
2019-11-11 10:42:56,173 fail2ban.server         [341]: INFO    --------------------------------------------------
2019-11-11 10:42:56,174 fail2ban.server         [341]: INFO    Starting Fail2ban v0.10.4
2019-11-11 10:42:56,177 fail2ban.asyncserver    [341]: ERROR   Fail2ban seems to be already running
2019-11-11 10:42:56,178 fail2ban.asyncserver    [341]: WARNING Forcing execution of the server
2019-11-11 10:42:56,193 fail2ban.database       [341]: INFO    Connected to fail2ban persistent database '/config/fail2ban/fail2ban.sqlite3'
2019-11-11 10:42:56,202 fail2ban.jail           [341]: INFO    Creating new jail 'nginx-http-auth'
2019-11-11 10:42:56,207 fail2ban.jail           [341]: INFO    Jail 'nginx-http-auth' uses poller {}
2019-11-11 10:42:56,208 fail2ban.jail           [341]: INFO    Initiated 'polling' backend
2019-11-11 10:42:56,226 fail2ban.filter         [341]: INFO      maxRetry: 5
2019-11-11 10:42:56,228 fail2ban.filter         [341]: INFO      findtime: 600
2019-11-11 10:42:56,230 fail2ban.actions        [341]: INFO      banTime: 600
2019-11-11 10:42:56,233 fail2ban.filter         [341]: INFO      encoding: UTF-8
2019-11-11 10:42:56,246 fail2ban.filter         [341]: INFO    Added logfile: '/config/log/nginx/error.log' (pos = 0, hash = da39a3ee5e6b4b0d3255bfef95601890afd80709)
2019-11-11 10:42:56,249 fail2ban.jail           [341]: INFO    Creating new jail 'nginx-botsearch'
2019-11-11 10:42:56,252 fail2ban.jail           [341]: INFO    Jail 'nginx-botsearch' uses poller {}
2019-11-11 10:42:56,253 fail2ban.jail           [341]: INFO    Initiated 'polling' backend
2019-11-11 10:42:56,266 fail2ban.datedetector   [341]: INFO      date pattern `'{^LN-BEG}%ExY(?P<_sep>[-/.])%m(?P=_sep)%d[T ]%H:%M:%S(?:[.,]%f)?(?:\\s*%z)?'`: `{^LN-BEG}ExYear(?P<_sep>[-/.])Month(?P=_sep)Day[T ]24hour:Minute:Second(?:[.,]Microseconds)?(?:\s*Zone offset)?`
2019-11-11 10:42:56,272 fail2ban.filter         [341]: INFO      maxRetry: 2
2019-11-11 10:42:56,274 fail2ban.filter         [341]: INFO      findtime: 600
2019-11-11 10:42:56,276 fail2ban.actions        [341]: INFO      banTime: 600
2019-11-11 10:42:56,279 fail2ban.filter         [341]: INFO      encoding: UTF-8
2019-11-11 10:42:56,292 fail2ban.filter         [341]: INFO    Added logfile: '/config/log/nginx/access.log' (pos = 4714, hash = 4921d983c73ce17cc84f85f9f94c8663668c2390)
2019-11-11 10:42:56,295 fail2ban.jail           [341]: INFO    Creating new jail 'nginx-badbots'
2019-11-11 10:42:56,298 fail2ban.jail           [341]: INFO    Jail 'nginx-badbots' uses poller {}
2019-11-11 10:42:56,299 fail2ban.jail           [341]: INFO    Initiated 'polling' backend
2019-11-11 10:42:56,324 fail2ban.filter         [341]: INFO      maxRetry: 2
2019-11-11 10:42:56,326 fail2ban.filter         [341]: INFO      findtime: 600
2019-11-11 10:42:56,328 fail2ban.actions        [341]: INFO      banTime: 600
2019-11-11 10:42:56,331 fail2ban.filter         [341]: INFO      encoding: UTF-8
2019-11-11 10:42:56,343 fail2ban.filter         [341]: INFO    Added logfile: '/config/log/nginx/access.log' (pos = 4714, hash = 4921d983c73ce17cc84f85f9f94c8663668c2390)
2019-11-11 10:42:56,349 fail2ban.jail           [341]: INFO    Jail 'nginx-http-auth' started
2019-11-11 10:42:56,355 fail2ban.jail           [341]: INFO    Jail 'nginx-botsearch' started
2019-11-11 10:42:56,365 fail2ban.jail           [341]: INFO    Jail 'nginx-badbots' started
2019-11-11 10:45:22,665 fail2ban.server         [341]: INFO    Shutdown in progress...
2019-11-11 10:45:22,673 fail2ban.server         [341]: INFO    Stopping all jails
2019-11-11 10:45:22,694 fail2ban.filter         [341]: INFO    Removed logfile: '/config/log/nginx/error.log'
2019-11-11 10:45:22,704 fail2ban.filter         [341]: INFO    Removed logfile: '/config/log/nginx/access.log'
2019-11-11 10:45:22,709 fail2ban.filter         [341]: INFO    Removed logfile: '/config/log/nginx/access.log'
2019-11-11 10:45:34,925 fail2ban.server         [344]: INFO    --------------------------------------------------
2019-11-11 10:45:34,927 fail2ban.server         [344]: INFO    Starting Fail2ban v0.10.4
2019-11-11 10:45:34,929 fail2ban.asyncserver    [344]: ERROR   Fail2ban seems to be already running
2019-11-11 10:45:34,930 fail2ban.asyncserver    [344]: WARNING Forcing execution of the server
2019-11-11 10:45:34,978 fail2ban.database       [344]: INFO    Connected to fail2ban persistent database '/config/fail2ban/fail2ban.sqlite3'
2019-11-11 10:45:34,986 fail2ban.jail           [344]: INFO    Creating new jail 'nginx-http-auth'
2019-11-11 10:45:34,992 fail2ban.jail           [344]: INFO    Jail 'nginx-http-auth' uses poller {}
2019-11-11 10:45:34,993 fail2ban.jail           [344]: INFO    Initiated 'polling' backend
2019-11-11 10:45:35,013 fail2ban.filter         [344]: INFO      maxRetry: 5
2019-11-11 10:45:35,015 fail2ban.filter         [344]: INFO      findtime: 600
2019-11-11 10:45:35,017 fail2ban.actions        [344]: INFO      banTime: 600
2019-11-11 10:45:35,020 fail2ban.filter         [344]: INFO      encoding: UTF-8
2019-11-11 10:45:35,036 fail2ban.filter         [344]: INFO    Added logfile: '/config/log/nginx/error.log' (pos = 0, hash = da39a3ee5e6b4b0d3255bfef95601890afd80709)
2019-11-11 10:45:35,040 fail2ban.jail           [344]: INFO    Creating new jail 'nginx-botsearch'
2019-11-11 10:45:35,043 fail2ban.jail           [344]: INFO    Jail 'nginx-botsearch' uses poller {}
2019-11-11 10:45:35,044 fail2ban.jail           [344]: INFO    Initiated 'polling' backend
2019-11-11 10:45:35,060 fail2ban.datedetector   [344]: INFO      date pattern `'{^LN-BEG}%ExY(?P<_sep>[-/.])%m(?P=_sep)%d[T ]%H:%M:%S(?:[.,]%f)?(?:\\s*%z)?'`: `{^LN-BEG}ExYear(?P<_sep>[-/.])Month(?P=_sep)Day[T ]24hour:Minute:Second(?:[.,]Microseconds)?(?:\s*Zone offset)?`
2019-11-11 10:45:35,066 fail2ban.filter         [344]: INFO      maxRetry: 2
2019-11-11 10:45:35,068 fail2ban.filter         [344]: INFO      findtime: 600
2019-11-11 10:45:35,070 fail2ban.actions        [344]: INFO      banTime: 600
2019-11-11 10:45:35,073 fail2ban.filter         [344]: INFO      encoding: UTF-8
2019-11-11 10:45:35,087 fail2ban.filter         [344]: INFO    Added logfile: '/config/log/nginx/access.log' (pos = 4714, hash = 4921d983c73ce17cc84f85f9f94c8663668c2390)
2019-11-11 10:45:35,092 fail2ban.jail           [344]: INFO    Creating new jail 'nginx-badbots'
2019-11-11 10:45:35,094 fail2ban.jail           [344]: INFO    Jail 'nginx-badbots' uses poller {}
2019-11-11 10:45:35,095 fail2ban.jail           [344]: INFO    Initiated 'polling' backend
2019-11-11 10:45:35,121 fail2ban.filter         [344]: INFO      maxRetry: 2
2019-11-11 10:45:35,123 fail2ban.filter         [344]: INFO      findtime: 600
2019-11-11 10:45:35,125 fail2ban.actions        [344]: INFO      banTime: 600
2019-11-11 10:45:35,131 fail2ban.filter         [344]: INFO      encoding: UTF-8
2019-11-11 10:45:35,146 fail2ban.filter         [344]: INFO    Added logfile: '/config/log/nginx/access.log' (pos = 4714, hash = 4921d983c73ce17cc84f85f9f94c8663668c2390)
2019-11-11 10:45:35,157 fail2ban.jail           [344]: INFO    Jail 'nginx-http-auth' started
2019-11-11 10:45:35,167 fail2ban.jail           [344]: INFO    Jail 'nginx-botsearch' started
2019-11-11 10:45:35,177 fail2ban.jail           [344]: INFO    Jail 'nginx-badbots' started
2019-11-11 10:46:21,827 fail2ban.server         [344]: INFO    Shutdown in progress...
2019-11-11 10:46:21,831 fail2ban.server         [344]: INFO    Stopping all jails
2019-11-11 10:46:21,835 fail2ban.filter         [344]: INFO    Removed logfile: '/config/log/nginx/error.log'
2019-11-11 10:46:21,840 fail2ban.filter         [344]: INFO    Removed logfile: '/config/log/nginx/access.log'
2019-11-11 10:46:21,845 fail2ban.filter         [344]: INFO    Removed logfile: '/config/log/nginx/access.log'
2019-11-11 10:46:21,921 fail2ban.actions        [344]: NOTICE  [nginx-http-auth] Flush ticket(s) with iptables-multiport
2019-11-11 10:46:21,957 fail2ban.jail           [344]: INFO    Jail 'nginx-http-auth' stopped
2019-11-11 10:46:21,994 fail2ban.actions        [344]: NOTICE  [nginx-badbots] Flush ticket(s) with iptables-multiport
2019-11-11 10:46:21,995 fail2ban.actions        [344]: NOTICE  [nginx-botsearch] Flush ticket(s) with iptables-multiport
2019-11-11 10:46:21,997 fail2ban.jail           [344]: INFO    Jail 'nginx-botsearch' stopped
2019-11-11 10:46:32,808 fail2ban.server         [345]: INFO    --------------------------------------------------
2019-11-11 10:46:32,810 fail2ban.server         [345]: INFO    Starting Fail2ban v0.10.4
2019-11-11 10:46:32,816 fail2ban.asyncserver    [345]: ERROR   Fail2ban seems to be already running
2019-11-11 10:46:32,817 fail2ban.asyncserver    [345]: WARNING Forcing execution of the server
2019-11-11 10:46:32,854 fail2ban.database       [345]: INFO    Connected to fail2ban persistent database '/config/fail2ban/fail2ban.sqlite3'
2019-11-11 10:46:32,869 fail2ban.jail           [345]: INFO    Creating new jail 'nginx-http-auth'
2019-11-11 10:46:32,878 fail2ban.jail           [345]: INFO    Jail 'nginx-http-auth' uses poller {}
2019-11-11 10:46:32,881 fail2ban.jail           [345]: INFO    Initiated 'polling' backend
2019-11-11 10:46:32,919 fail2ban.filter         [345]: INFO      maxRetry: 5
2019-11-11 10:46:32,922 fail2ban.filter         [345]: INFO      findtime: 600
2019-11-11 10:46:32,925 fail2ban.actions        [345]: INFO      banTime: 600
2019-11-11 10:46:32,929 fail2ban.filter         [345]: INFO      encoding: UTF-8
2019-11-11 10:46:32,951 fail2ban.filter         [345]: INFO    Added logfile: '/config/log/nginx/error.log' (pos = 2256, hash = 1315e8dde8a0bf2403accf44589df0b6c449348d)
2019-11-11 10:46:32,954 fail2ban.jail           [345]: INFO    Creating new jail 'nginx-botsearch'
2019-11-11 10:46:32,957 fail2ban.jail           [345]: INFO    Jail 'nginx-botsearch' uses poller {}
2019-11-11 10:46:32,959 fail2ban.jail           [345]: INFO    Initiated 'polling' backend
2019-11-11 10:46:32,974 fail2ban.datedetector   [345]: INFO      date pattern `'{^LN-BEG}%ExY(?P<_sep>[-/.])%m(?P=_sep)%d[T ]%H:%M:%S(?:[.,]%f)?(?:\\s*%z)?'`: `{^LN-BEG}ExYear(?P<_sep>[-/.])Month(?P=_sep)Day[T ]24hour:Minute:Second(?:[.,]Microseconds)?(?:\s*Zone offset)?`
2019-11-11 10:46:32,980 fail2ban.filter         [345]: INFO      maxRetry: 2
2019-11-11 10:46:32,982 fail2ban.filter         [345]: INFO      findtime: 600
2019-11-11 10:46:32,984 fail2ban.actions        [345]: INFO      banTime: 600
2019-11-11 10:46:32,987 fail2ban.filter         [345]: INFO      encoding: UTF-8
2019-11-11 10:46:33,002 fail2ban.filter         [345]: INFO    Added logfile: '/config/log/nginx/access.log' (pos = 6474, hash = 4921d983c73ce17cc84f85f9f94c8663668c2390)
2019-11-11 10:46:33,006 fail2ban.jail           [345]: INFO    Creating new jail 'nginx-badbots'
2019-11-11 10:46:33,009 fail2ban.jail           [345]: INFO    Jail 'nginx-badbots' uses poller {}
2019-11-11 10:46:33,011 fail2ban.jail           [345]: INFO    Initiated 'polling' backend
2019-11-11 10:46:33,040 fail2ban.filter         [345]: INFO      maxRetry: 2
2019-11-11 10:46:33,042 fail2ban.filter         [345]: INFO      findtime: 600
2019-11-11 10:46:33,043 fail2ban.actions        [345]: INFO      banTime: 600
2019-11-11 10:46:33,046 fail2ban.filter         [345]: INFO      encoding: UTF-8
2019-11-11 10:46:33,061 fail2ban.filter         [345]: INFO    Added logfile: '/config/log/nginx/access.log' (pos = 6474, hash = 4921d983c73ce17cc84f85f9f94c8663668c2390)
2019-11-11 10:46:33,068 fail2ban.jail           [345]: INFO    Jail 'nginx-http-auth' started
2019-11-11 10:46:33,075 fail2ban.jail           [345]: INFO    Jail 'nginx-botsearch' started
2019-11-11 10:46:33,088 fail2ban.jail           [345]: INFO    Jail 'nginx-badbots' started
2019-11-11 10:46:50,144 fail2ban.server         [345]: INFO    Shutdown in progress...
2019-11-11 10:46:50,154 fail2ban.server         [345]: INFO    Stopping all jails
2019-11-11 10:46:50,166 fail2ban.filter         [345]: INFO    Removed logfile: '/config/log/nginx/error.log'
2019-11-11 10:46:50,169 fail2ban.filter         [345]: INFO    Removed logfile: '/config/log/nginx/access.log'
2019-11-11 10:46:50,177 fail2ban.filter         [345]: INFO    Removed logfile: '/config/log/nginx/access.log'
2019-11-11 10:46:50,303 fail2ban.actions        [345]: NOTICE  [nginx-botsearch] Flush ticket(s) with iptables-multiport
2019-11-11 10:46:50,304 fail2ban.actions        [345]: NOTICE  [nginx-http-auth] Flush ticket(s) with iptables-multiport
2019-11-11 10:46:50,306 fail2ban.jail           [345]: INFO    Jail 'nginx-http-auth' stopped
2019-11-11 10:46:50,310 fail2ban.actions        [345]: NOTICE  [nginx-badbots] Flush ticket(s) with iptables-multiport
2019-11-11 10:46:50,311 fail2ban.jail           [345]: INFO    Jail 'nginx-botsearch' stopped
2019-11-11 10:46:50,314 fail2ban.jail           [345]: INFO    Jail 'nginx-badbots' stopped
2019-11-11 10:46:50,319 fail2ban.database       [345]: INFO    Connection to database closed.
2019-11-11 10:46:50,322 fail2ban.server         [345]: INFO    Exiting Fail2ban
2019-11-11 10:47:00,932 fail2ban.server         [344]: INFO    --------------------------------------------------
2019-11-11 10:47:00,933 fail2ban.server         [344]: INFO    Starting Fail2ban v0.10.4
2019-11-11 10:47:00,954 fail2ban.database       [344]: INFO    Connected to fail2ban persistent database '/config/fail2ban/fail2ban.sqlite3'
2019-11-11 10:47:00,959 fail2ban.jail           [344]: INFO    Creating new jail 'nginx-http-auth'
2019-11-11 10:47:00,962 fail2ban.jail           [344]: INFO    Jail 'nginx-http-auth' uses poller {}
2019-11-11 10:47:00,963 fail2ban.jail           [344]: INFO    Initiated 'polling' backend
2019-11-11 10:47:00,973 fail2ban.filter         [344]: INFO      maxRetry: 5
2019-11-11 10:47:00,974 fail2ban.filter         [344]: INFO      findtime: 600
2019-11-11 10:47:00,975 fail2ban.actions        [344]: INFO      banTime: 600
2019-11-11 10:47:00,977 fail2ban.filter         [344]: INFO      encoding: UTF-8
2019-11-11 10:47:00,989 fail2ban.filter         [344]: INFO    Added logfile: '/config/log/nginx/error.log' (pos = 2256, hash = 1315e8dde8a0bf2403accf44589df0b6c449348d)
2019-11-11 10:47:00,994 fail2ban.jail           [344]: INFO    Creating new jail 'nginx-botsearch'
2019-11-11 10:47:00,995 fail2ban.jail           [344]: INFO    Jail 'nginx-botsearch' uses poller {}
2019-11-11 10:47:00,996 fail2ban.jail           [344]: INFO    Initiated 'polling' backend
2019-11-11 10:47:01,004 fail2ban.datedetector   [344]: INFO      date pattern `'{^LN-BEG}%ExY(?P<_sep>[-/.])%m(?P=_sep)%d[T ]%H:%M:%S(?:[.,]%f)?(?:\\s*%z)?'`: `{^LN-BEG}ExYear(?P<_sep>[-/.])Month(?P=_sep)Day[T ]24hour:Minute:Second(?:[.,]Microseconds)?(?:\s*Zone offset)?`
2019-11-11 10:47:01,007 fail2ban.filter         [344]: INFO      maxRetry: 2
2019-11-11 10:47:01,008 fail2ban.filter         [344]: INFO      findtime: 600
2019-11-11 10:47:01,009 fail2ban.actions        [344]: INFO      banTime: 600
2019-11-11 10:47:01,011 fail2ban.filter         [344]: INFO      encoding: UTF-8
2019-11-11 10:47:01,022 fail2ban.filter         [344]: INFO    Added logfile: '/config/log/nginx/access.log' (pos = 6474, hash = 4921d983c73ce17cc84f85f9f94c8663668c2390)
2019-11-11 10:47:01,024 fail2ban.jail           [344]: INFO    Creating new jail 'nginx-badbots'
2019-11-11 10:47:01,026 fail2ban.jail           [344]: INFO    Jail 'nginx-badbots' uses poller {}
2019-11-11 10:47:01,027 fail2ban.jail           [344]: INFO    Initiated 'polling' backend
2019-11-11 10:47:01,043 fail2ban.filter         [344]: INFO      maxRetry: 2
2019-11-11 10:47:01,045 fail2ban.filter         [344]: INFO      findtime: 600
2019-11-11 10:47:01,047 fail2ban.actions        [344]: INFO      banTime: 600
2019-11-11 10:47:01,048 fail2ban.filter         [344]: INFO      encoding: UTF-8
2019-11-11 10:47:01,060 fail2ban.filter         [344]: INFO    Added logfile: '/config/log/nginx/access.log' (pos = 6474, hash = 4921d983c73ce17cc84f85f9f94c8663668c2390)
2019-11-11 10:47:01,064 fail2ban.jail           [344]: INFO    Jail 'nginx-http-auth' started
2019-11-11 10:47:01,067 fail2ban.jail           [344]: INFO    Jail 'nginx-botsearch' started
2019-11-11 10:47:01,075 fail2ban.jail           [344]: INFO    Jail 'nginx-badbots' started
2019-11-11 10:48:30,605 fail2ban.server         [344]: INFO    Shutdown in progress...
2019-11-11 10:48:30,619 fail2ban.server         [344]: INFO    Stopping all jails
2019-11-11 10:48:30,625 fail2ban.filter         [344]: INFO    Removed logfile: '/config/log/nginx/error.log'
2019-11-11 10:48:30,627 fail2ban.filter         [344]: INFO    Removed logfile: '/config/log/nginx/access.log'
2019-11-11 10:48:30,630 fail2ban.filter         [344]: INFO    Removed logfile: '/config/log/nginx/access.log'
2019-11-11 10:48:39,947 fail2ban.server         [341]: INFO    --------------------------------------------------
2019-11-11 10:48:39,948 fail2ban.server         [341]: INFO    Starting Fail2ban v0.10.4
2019-11-11 10:48:39,949 fail2ban.asyncserver    [341]: ERROR   Fail2ban seems to be already running
2019-11-11 10:48:39,949 fail2ban.asyncserver    [341]: WARNING Forcing execution of the server
2019-11-11 10:48:39,978 fail2ban.database       [341]: INFO    Connected to fail2ban persistent database '/config/fail2ban/fail2ban.sqlite3'
2019-11-11 10:48:39,984 fail2ban.jail           [341]: INFO    Creating new jail 'nginx-http-auth'
2019-11-11 10:48:39,987 fail2ban.jail           [341]: INFO    Jail 'nginx-http-auth' uses poller {}
2019-11-11 10:48:39,987 fail2ban.jail           [341]: INFO    Initiated 'polling' backend
2019-11-11 10:48:39,997 fail2ban.filter         [341]: INFO      maxRetry: 5
2019-11-11 10:48:39,998 fail2ban.filter         [341]: INFO      findtime: 600
2019-11-11 10:48:39,999 fail2ban.actions        [341]: INFO      banTime: 600
2019-11-11 10:48:40,001 fail2ban.filter         [341]: INFO      encoding: UTF-8
2019-11-11 10:48:40,010 fail2ban.filter         [341]: INFO    Added logfile: '/config/log/nginx/error.log' (pos = 2256, hash = 1315e8dde8a0bf2403accf44589df0b6c449348d)
2019-11-11 10:48:40,014 fail2ban.jail           [341]: INFO    Creating new jail 'nginx-botsearch'
2019-11-11 10:48:40,016 fail2ban.jail           [341]: INFO    Jail 'nginx-botsearch' uses poller {}
2019-11-11 10:48:40,016 fail2ban.jail           [341]: INFO    Initiated 'polling' backend
2019-11-11 10:48:40,024 fail2ban.datedetector   [341]: INFO      date pattern `'{^LN-BEG}%ExY(?P<_sep>[-/.])%m(?P=_sep)%d[T ]%H:%M:%S(?:[.,]%f)?(?:\\s*%z)?'`: `{^LN-BEG}ExYear(?P<_sep>[-/.])Month(?P=_sep)Day[T ]24hour:Minute:Second(?:[.,]Microseconds)?(?:\s*Zone offset)?`
2019-11-11 10:48:40,027 fail2ban.filter         [341]: INFO      maxRetry: 2
2019-11-11 10:48:40,028 fail2ban.filter         [341]: INFO      findtime: 600
2019-11-11 10:48:40,030 fail2ban.actions        [341]: INFO      banTime: 600
2019-11-11 10:48:40,032 fail2ban.filter         [341]: INFO      encoding: UTF-8
2019-11-11 10:48:40,041 fail2ban.filter         [341]: INFO    Added logfile: '/config/log/nginx/access.log' (pos = 8540, hash = 4921d983c73ce17cc84f85f9f94c8663668c2390)
2019-11-11 10:48:40,043 fail2ban.jail           [341]: INFO    Creating new jail 'nginx-badbots'
2019-11-11 10:48:40,045 fail2ban.jail           [341]: INFO    Jail 'nginx-badbots' uses poller {}
2019-11-11 10:48:40,045 fail2ban.jail           [341]: INFO    Initiated 'polling' backend
2019-11-11 10:48:40,060 fail2ban.filter         [341]: INFO      maxRetry: 2
2019-11-11 10:48:40,061 fail2ban.filter         [341]: INFO      findtime: 600
2019-11-11 10:48:40,062 fail2ban.actions        [341]: INFO      banTime: 600
2019-11-11 10:48:40,063 fail2ban.filter         [341]: INFO      encoding: UTF-8
2019-11-11 10:48:40,070 fail2ban.filter         [341]: INFO    Added logfile: '/config/log/nginx/access.log' (pos = 8540, hash = 4921d983c73ce17cc84f85f9f94c8663668c2390)
2019-11-11 10:48:40,074 fail2ban.jail           [341]: INFO    Jail 'nginx-http-auth' started
2019-11-11 10:48:40,079 fail2ban.jail           [341]: INFO    Jail 'nginx-botsearch' started
2019-11-11 10:48:40,088 fail2ban.jail           [341]: INFO    Jail 'nginx-badbots' started
2019-11-11 10:51:44,204 fail2ban.server         [341]: INFO    Shutdown in progress...
2019-11-11 10:51:44,210 fail2ban.server         [341]: INFO    Stopping all jails
2019-11-11 10:51:44,221 fail2ban.filter         [341]: INFO    Removed logfile: '/config/log/nginx/error.log'
2019-11-11 10:51:44,223 fail2ban.filter         [341]: INFO    Removed logfile: '/config/log/nginx/access.log'
2019-11-11 10:51:44,226 fail2ban.filter         [341]: INFO    Removed logfile: '/config/log/nginx/access.log'
2019-11-11 10:51:53,789 fail2ban.server         [344]: INFO    --------------------------------------------------
2019-11-11 10:51:53,790 fail2ban.server         [344]: INFO    Starting Fail2ban v0.10.4
2019-11-11 10:51:53,792 fail2ban.asyncserver    [344]: ERROR   Fail2ban seems to be already running
2019-11-11 10:51:53,793 fail2ban.asyncserver    [344]: WARNING Forcing execution of the server
2019-11-11 10:51:53,816 fail2ban.database       [344]: INFO    Connected to fail2ban persistent database '/config/fail2ban/fail2ban.sqlite3'
2019-11-11 10:51:53,822 fail2ban.jail           [344]: INFO    Creating new jail 'nginx-http-auth'
2019-11-11 10:51:53,825 fail2ban.jail           [344]: INFO    Jail 'nginx-http-auth' uses poller {}
2019-11-11 10:51:53,826 fail2ban.jail           [344]: INFO    Initiated 'polling' backend
2019-11-11 10:51:53,841 fail2ban.filter         [344]: INFO      maxRetry: 5
2019-11-11 10:51:53,842 fail2ban.filter         [344]: INFO      findtime: 600
2019-11-11 10:51:53,843 fail2ban.actions        [344]: INFO      banTime: 600
2019-11-11 10:51:53,845 fail2ban.filter         [344]: INFO      encoding: UTF-8
2019-11-11 10:51:53,858 fail2ban.filter         [344]: INFO    Added logfile: '/config/log/nginx/error.log' (pos = 3948, hash = 1315e8dde8a0bf2403accf44589df0b6c449348d)
2019-11-11 10:51:53,860 fail2ban.jail           [344]: INFO    Creating new jail 'nginx-botsearch'
2019-11-11 10:51:53,863 fail2ban.jail           [344]: INFO    Jail 'nginx-botsearch' uses poller {}
2019-11-11 10:51:53,864 fail2ban.jail           [344]: INFO    Initiated 'polling' backend
2019-11-11 10:51:53,875 fail2ban.datedetector   [344]: INFO      date pattern `'{^LN-BEG}%ExY(?P<_sep>[-/.])%m(?P=_sep)%d[T ]%H:%M:%S(?:[.,]%f)?(?:\\s*%z)?'`: `{^LN-BEG}ExYear(?P<_sep>[-/.])Month(?P=_sep)Day[T ]24hour:Minute:Second(?:[.,]Microseconds)?(?:\s*Zone offset)?`
2019-11-11 10:51:53,879 fail2ban.filter         [344]: INFO      maxRetry: 2
2019-11-11 10:51:53,880 fail2ban.filter         [344]: INFO      findtime: 600
2019-11-11 10:51:53,882 fail2ban.actions        [344]: INFO      banTime: 600
2019-11-11 10:51:53,884 fail2ban.filter         [344]: INFO      encoding: UTF-8
2019-11-11 10:51:53,894 fail2ban.filter         [344]: INFO    Added logfile: '/config/log/nginx/access.log' (pos = 10066, hash = 4921d983c73ce17cc84f85f9f94c8663668c2390)
2019-11-11 10:51:53,896 fail2ban.jail           [344]: INFO    Creating new jail 'nginx-badbots'
2019-11-11 10:51:53,898 fail2ban.jail           [344]: INFO    Jail 'nginx-badbots' uses poller {}
2019-11-11 10:51:53,898 fail2ban.jail           [344]: INFO    Initiated 'polling' backend
2019-11-11 10:51:53,912 fail2ban.filter         [344]: INFO      maxRetry: 2
2019-11-11 10:51:53,913 fail2ban.filter         [344]: INFO      findtime: 600
2019-11-11 10:51:53,914 fail2ban.actions        [344]: INFO      banTime: 600
2019-11-11 10:51:53,916 fail2ban.filter         [344]: INFO      encoding: UTF-8
2019-11-11 10:51:53,924 fail2ban.filter         [344]: INFO    Added logfile: '/config/log/nginx/access.log' (pos = 10066, hash = 4921d983c73ce17cc84f85f9f94c8663668c2390)
2019-11-11 10:51:53,927 fail2ban.jail           [344]: INFO    Jail 'nginx-http-auth' started
2019-11-11 10:51:53,932 fail2ban.jail           [344]: INFO    Jail 'nginx-botsearch' started
2019-11-11 10:51:53,938 fail2ban.jail           [344]: INFO    Jail 'nginx-badbots' started
2019-11-11 10:53:10,201 fail2ban.server         [344]: INFO    Shutdown in progress...
2019-11-11 10:53:10,208 fail2ban.server         [344]: INFO    Stopping all jails
2019-11-11 10:53:10,221 fail2ban.filter         [344]: INFO    Removed logfile: '/config/log/nginx/error.log'
2019-11-11 10:53:10,225 fail2ban.filter         [344]: INFO    Removed logfile: '/config/log/nginx/access.log'
2019-11-11 10:53:10,228 fail2ban.filter         [344]: INFO    Removed logfile: '/config/log/nginx/access.log'
2019-11-11 10:53:10,418 fail2ban.actions        [344]: NOTICE  [nginx-http-auth] Flush ticket(s) with iptables-multiport
2019-11-11 10:53:10,420 fail2ban.jail           [344]: INFO    Jail 'nginx-http-auth' stopped
2019-11-11 10:53:10,419 fail2ban.actions        [344]: NOTICE  [nginx-botsearch] Flush ticket(s) with iptables-multiport
2019-11-11 10:53:10,419 fail2ban.actions        [344]: NOTICE  [nginx-badbots] Flush ticket(s) with iptables-multiport
2019-11-11 10:53:10,424 fail2ban.jail           [344]: INFO    Jail 'nginx-botsearch' stopped
2019-11-11 10:53:10,426 fail2ban.jail           [344]: INFO    Jail 'nginx-badbots' stopped
2019-11-11 10:53:10,430 fail2ban.database       [344]: INFO    Connection to database closed.
2019-11-11 10:53:10,431 fail2ban.server         [344]: INFO    Exiting Fail2ban
2019-11-11 10:53:21,432 fail2ban.server         [341]: INFO    --------------------------------------------------
2019-11-11 10:53:21,434 fail2ban.server         [341]: INFO    Starting Fail2ban v0.10.4
2019-11-11 10:53:21,453 fail2ban.database       [341]: INFO    Connected to fail2ban persistent database '/config/fail2ban/fail2ban.sqlite3'
2019-11-11 10:53:21,461 fail2ban.jail           [341]: INFO    Creating new jail 'nginx-http-auth'
2019-11-11 10:53:21,468 fail2ban.jail           [341]: INFO    Jail 'nginx-http-auth' uses poller {}
2019-11-11 10:53:21,470 fail2ban.jail           [341]: INFO    Initiated 'polling' backend
2019-11-11 10:53:21,489 fail2ban.filter         [341]: INFO      maxRetry: 5
2019-11-11 10:53:21,491 fail2ban.filter         [341]: INFO      findtime: 600
2019-11-11 10:53:21,493 fail2ban.actions        [341]: INFO      banTime: 600
2019-11-11 10:53:21,496 fail2ban.filter         [341]: INFO      encoding: UTF-8
2019-11-11 10:53:21,513 fail2ban.filter         [341]: INFO    Added logfile: '/config/log/nginx/error.log' (pos = 5640, hash = 1315e8dde8a0bf2403accf44589df0b6c449348d)
2019-11-11 10:53:21,516 fail2ban.jail           [341]: INFO    Creating new jail 'nginx-botsearch'
2019-11-11 10:53:21,519 fail2ban.jail           [341]: INFO    Jail 'nginx-botsearch' uses poller {}
2019-11-11 10:53:21,521 fail2ban.jail           [341]: INFO    Initiated 'polling' backend
2019-11-11 10:53:21,534 fail2ban.datedetector   [341]: INFO      date pattern `'{^LN-BEG}%ExY(?P<_sep>[-/.])%m(?P=_sep)%d[T ]%H:%M:%S(?:[.,]%f)?(?:\\s*%z)?'`: `{^LN-BEG}ExYear(?P<_sep>[-/.])Month(?P=_sep)Day[T ]24hour:Minute:Second(?:[.,]Microseconds)?(?:\s*Zone offset)?`
2019-11-11 10:53:21,539 fail2ban.filter         [341]: INFO      maxRetry: 2
2019-11-11 10:53:21,541 fail2ban.filter         [341]: INFO      findtime: 600
2019-11-11 10:53:21,543 fail2ban.actions        [341]: INFO      banTime: 600
2019-11-11 10:53:21,546 fail2ban.filter         [341]: INFO      encoding: UTF-8
2019-11-11 10:53:21,561 fail2ban.filter         [341]: INFO    Added logfile: '/config/log/nginx/access.log' (pos = 11386, hash = 4921d983c73ce17cc84f85f9f94c8663668c2390)
2019-11-11 10:53:21,564 fail2ban.jail           [341]: INFO    Creating new jail 'nginx-badbots'
2019-11-11 10:53:21,567 fail2ban.jail           [341]: INFO    Jail 'nginx-badbots' uses poller {}
2019-11-11 10:53:21,568 fail2ban.jail           [341]: INFO    Initiated 'polling' backend
2019-11-11 10:53:21,594 fail2ban.filter         [341]: INFO      maxRetry: 2
2019-11-11 10:53:21,596 fail2ban.filter         [341]: INFO      findtime: 600
2019-11-11 10:53:21,598 fail2ban.actions        [341]: INFO      banTime: 600
2019-11-11 10:53:21,601 fail2ban.filter         [341]: INFO      encoding: UTF-8
2019-11-11 10:53:21,615 fail2ban.filter         [341]: INFO    Added logfile: '/config/log/nginx/access.log' (pos = 11386, hash = 4921d983c73ce17cc84f85f9f94c8663668c2390)
2019-11-11 10:53:21,621 fail2ban.jail           [341]: INFO    Jail 'nginx-http-auth' started
2019-11-11 10:53:21,629 fail2ban.jail           [341]: INFO    Jail 'nginx-botsearch' started
2019-11-11 10:53:21,637 fail2ban.jail           [341]: INFO    Jail 'nginx-badbots' started
2019-11-11 10:55:15,226 fail2ban.server         [341]: INFO    Shutdown in progress...
2019-11-11 10:55:15,231 fail2ban.server         [341]: INFO    Stopping all jails
2019-11-11 10:55:15,239 fail2ban.filter         [341]: INFO    Removed logfile: '/config/log/nginx/error.log'
2019-11-11 10:55:15,241 fail2ban.filter         [341]: INFO    Removed logfile: '/config/log/nginx/access.log'
2019-11-11 10:55:15,243 fail2ban.filter         [341]: INFO    Removed logfile: '/config/log/nginx/access.log'
2019-11-11 10:55:15,260 fail2ban.actions        [341]: NOTICE  [nginx-badbots] Flush ticket(s) with iptables-multiport
2019-11-11 10:55:24,368 fail2ban.server         [347]: INFO    --------------------------------------------------
2019-11-11 10:55:24,369 fail2ban.server         [347]: INFO    Starting Fail2ban v0.10.4
2019-11-11 10:55:24,371 fail2ban.asyncserver    [347]: ERROR   Fail2ban seems to be already running
2019-11-11 10:55:24,371 fail2ban.asyncserver    [347]: WARNING Forcing execution of the server
2019-11-11 10:55:24,398 fail2ban.database       [347]: INFO    Connected to fail2ban persistent database '/config/fail2ban/fail2ban.sqlite3'
2019-11-11 10:55:24,404 fail2ban.jail           [347]: INFO    Creating new jail 'nginx-http-auth'
2019-11-11 10:55:24,409 fail2ban.jail           [347]: INFO    Jail 'nginx-http-auth' uses poller {}
2019-11-11 10:55:24,410 fail2ban.jail           [347]: INFO    Initiated 'polling' backend
2019-11-11 10:55:24,423 fail2ban.filter         [347]: INFO      maxRetry: 5
2019-11-11 10:55:24,425 fail2ban.filter         [347]: INFO      findtime: 600
2019-11-11 10:55:24,426 fail2ban.actions        [347]: INFO      banTime: 600
2019-11-11 10:55:24,428 fail2ban.filter         [347]: INFO      encoding: UTF-8
2019-11-11 10:55:24,440 fail2ban.filter         [347]: INFO    Added logfile: '/config/log/nginx/error.log' (pos = 5640, hash = 1315e8dde8a0bf2403accf44589df0b6c449348d)
2019-11-11 10:55:24,444 fail2ban.jail           [347]: INFO    Creating new jail 'nginx-botsearch'
2019-11-11 10:55:24,445 fail2ban.jail           [347]: INFO    Jail 'nginx-botsearch' uses poller {}
2019-11-11 10:55:24,446 fail2ban.jail           [347]: INFO    Initiated 'polling' backend
2019-11-11 10:55:24,457 fail2ban.datedetector   [347]: INFO      date pattern `'{^LN-BEG}%ExY(?P<_sep>[-/.])%m(?P=_sep)%d[T ]%H:%M:%S(?:[.,]%f)?(?:\\s*%z)?'`: `{^LN-BEG}ExYear(?P<_sep>[-/.])Month(?P=_sep)Day[T ]24hour:Minute:Second(?:[.,]Microseconds)?(?:\s*Zone offset)?`
2019-11-11 10:55:24,460 fail2ban.filter         [347]: INFO      maxRetry: 2
2019-11-11 10:55:24,461 fail2ban.filter         [347]: INFO      findtime: 600
2019-11-11 10:55:24,462 fail2ban.actions        [347]: INFO      banTime: 600
2019-11-11 10:55:24,465 fail2ban.filter         [347]: INFO      encoding: UTF-8
2019-11-11 10:55:24,478 fail2ban.filter         [347]: INFO    Added logfile: '/config/log/nginx/access.log' (pos = 13164, hash = 4921d983c73ce17cc84f85f9f94c8663668c2390)
2019-11-11 10:55:24,481 fail2ban.jail           [347]: INFO    Creating new jail 'nginx-badbots'
2019-11-11 10:55:24,483 fail2ban.jail           [347]: INFO    Jail 'nginx-badbots' uses poller {}
2019-11-11 10:55:24,484 fail2ban.jail           [347]: INFO    Initiated 'polling' backend
2019-11-11 10:55:24,501 fail2ban.filter         [347]: INFO      maxRetry: 2
2019-11-11 10:55:24,502 fail2ban.filter         [347]: INFO      findtime: 600
2019-11-11 10:55:24,504 fail2ban.actions        [347]: INFO      banTime: 600
2019-11-11 10:55:24,507 fail2ban.filter         [347]: INFO      encoding: UTF-8
2019-11-11 10:55:24,520 fail2ban.filter         [347]: INFO    Added logfile: '/config/log/nginx/access.log' (pos = 13164, hash = 4921d983c73ce17cc84f85f9f94c8663668c2390)
2019-11-11 10:55:24,526 fail2ban.jail           [347]: INFO    Jail 'nginx-http-auth' started
2019-11-11 10:55:24,531 fail2ban.jail           [347]: INFO    Jail 'nginx-botsearch' started
2019-11-11 10:55:24,537 fail2ban.jail           [347]: INFO    Jail 'nginx-badbots' started
2019-11-11 17:33:55,579 fail2ban.server         [347]: INFO    Shutdown in progress...
2019-11-11 17:33:55,588 fail2ban.server         [347]: INFO    Stopping all jails
2019-11-11 17:33:55,595 fail2ban.filter         [347]: INFO    Removed logfile: '/config/log/nginx/error.log'
2019-11-11 17:33:55,605 fail2ban.filter         [347]: INFO    Removed logfile: '/config/log/nginx/access.log'
2019-11-11 17:33:55,607 fail2ban.filter         [347]: INFO    Removed logfile: '/config/log/nginx/access.log'
2019-11-11 17:33:55,847 fail2ban.actions        [347]: NOTICE  [nginx-http-auth] Flush ticket(s) with iptables-multiport
2019-11-11 17:33:55,848 fail2ban.actions        [347]: NOTICE  [nginx-botsearch] Flush ticket(s) with iptables-multiport
2019-11-11 17:33:55,848 fail2ban.actions        [347]: NOTICE  [nginx-badbots] Flush ticket(s) with iptables-multiport
2019-11-11 17:34:05,005 fail2ban.server         [346]: INFO    --------------------------------------------------
2019-11-11 17:34:05,006 fail2ban.server         [346]: INFO    Starting Fail2ban v0.10.4
2019-11-11 17:34:05,007 fail2ban.asyncserver    [346]: ERROR   Fail2ban seems to be already running
2019-11-11 17:34:05,008 fail2ban.asyncserver    [346]: WARNING Forcing execution of the server
2019-11-11 17:34:05,028 fail2ban.database       [346]: INFO    Connected to fail2ban persistent database '/config/fail2ban/fail2ban.sqlite3'
2019-11-11 17:34:05,035 fail2ban.jail           [346]: INFO    Creating new jail 'nginx-http-auth'
2019-11-11 17:34:05,044 fail2ban.jail           [346]: INFO    Jail 'nginx-http-auth' uses poller {}
2019-11-11 17:34:05,044 fail2ban.jail           [346]: INFO    Initiated 'polling' backend
2019-11-11 17:34:05,058 fail2ban.filter         [346]: INFO      maxRetry: 5
2019-11-11 17:34:05,059 fail2ban.filter         [346]: INFO      findtime: 600
2019-11-11 17:34:05,060 fail2ban.actions        [346]: INFO      banTime: 600
2019-11-11 17:34:05,062 fail2ban.filter         [346]: INFO      encoding: UTF-8
2019-11-11 17:34:05,071 fail2ban.filter         [346]: INFO    Added logfile: '/config/log/nginx/error.log' (pos = 5640, hash = 1315e8dde8a0bf2403accf44589df0b6c449348d)
2019-11-11 17:34:05,073 fail2ban.jail           [346]: INFO    Creating new jail 'nginx-botsearch'
2019-11-11 17:34:05,075 fail2ban.jail           [346]: INFO    Jail 'nginx-botsearch' uses poller {}
2019-11-11 17:34:05,075 fail2ban.jail           [346]: INFO    Initiated 'polling' backend
2019-11-11 17:34:05,083 fail2ban.datedetector   [346]: INFO      date pattern `'{^LN-BEG}%ExY(?P<_sep>[-/.])%m(?P=_sep)%d[T ]%H:%M:%S(?:[.,]%f)?(?:\\s*%z)?'`: `{^LN-BEG}ExYear(?P<_sep>[-/.])Month(?P=_sep)Day[T ]24hour:Minute:Second(?:[.,]Microseconds)?(?:\s*Zone offset)?`
2019-11-11 17:34:05,087 fail2ban.filter         [346]: INFO      maxRetry: 2
2019-11-11 17:34:05,088 fail2ban.filter         [346]: INFO      findtime: 600
2019-11-11 17:34:05,089 fail2ban.actions        [346]: INFO      banTime: 600
2019-11-11 17:34:05,090 fail2ban.filter         [346]: INFO      encoding: UTF-8
2019-11-11 17:34:05,098 fail2ban.filter         [346]: INFO    Added logfile: '/config/log/nginx/access.log' (pos = 40591, hash = 4921d983c73ce17cc84f85f9f94c8663668c2390)
2019-11-11 17:34:05,100 fail2ban.jail           [346]: INFO    Creating new jail 'nginx-badbots'
2019-11-11 17:34:05,102 fail2ban.jail           [346]: INFO    Jail 'nginx-badbots' uses poller {}
2019-11-11 17:34:05,102 fail2ban.jail           [346]: INFO    Initiated 'polling' backend
2019-11-11 17:34:05,118 fail2ban.filter         [346]: INFO      maxRetry: 2
2019-11-11 17:34:05,119 fail2ban.filter         [346]: INFO      findtime: 600
2019-11-11 17:34:05,120 fail2ban.actions        [346]: INFO      banTime: 600
2019-11-11 17:34:05,123 fail2ban.filter         [346]: INFO      encoding: UTF-8
2019-11-11 17:34:05,130 fail2ban.filter         [346]: INFO    Added logfile: '/config/log/nginx/access.log' (pos = 40591, hash = 4921d983c73ce17cc84f85f9f94c8663668c2390)
2019-11-11 17:34:05,135 fail2ban.jail           [346]: INFO    Jail 'nginx-http-auth' started
2019-11-11 17:34:05,141 fail2ban.jail           [346]: INFO    Jail 'nginx-botsearch' started
2019-11-11 17:34:05,151 fail2ban.jail           [346]: INFO    Jail 'nginx-badbots' started
